-------------------------------------------------------------------------------
Test set: com.vamsi.springboot.eurekanamingserver.EurekaNamingServerApplicationTests
-------------------------------------------------------------------------------
Tests run: 1, Failures: 0, Errors: 1, Skipped: 0, Time elapsed: 1.004 s <<< FAILURE! - in com.vamsi.springboot.eurekanamingserver.EurekaNamingServerApplicationTests
contextLoads  Time elapsed: 0.014 s  <<< ERROR!
java.lang.IllegalStateException: Failed to load ApplicationContext
Caused by: org.springframework.cloud.commons.ConfigDataMissingEnvironmentPostProcessor$ImportException: No spring.config.import set

